<?xml version="1.0" encoding="UTF-8"?>
<!-- Generated by org.testng.reporters.JUnitXMLReporter -->
<testsuite ignored="0" hostname="DESKTOP-FK9O5I6" failures="0" tests="3" name="Default test" time="16.357" errors="0" timestamp="2025-03-31T11:36:44 EAT">
  <testcase classname="api.tests.DDTest" name="testPostUser" time="7.511"/>
  <testcase classname="api.tests.DDTest" name="testPostUser" time="1.328"/>
  <testcase classname="api.tests.DDTest" name="testPostUser" time="1.326"/>
</testsuite> <!-- Default test -->
