<?xml version="1.0" encoding="UTF-8"?>
<!-- Generated by org.testng.reporters.JUnitXMLReporter -->
<testsuite ignored="0" hostname="DESKTOP-FK9O5I6" failures="0" tests="3" name="Default test" time="15.747" errors="0" timestamp="2025-03-27T15:58:18 EAT">
  <testcase classname="api.tests.DDTest" name="testPostUser" time="7.443"/>
  <testcase classname="api.tests.DDTest" name="testPostUser" time="1.468"/>
  <testcase classname="api.tests.DDTest" name="testPostUser" time="1.435"/>
</testsuite> <!-- Default test -->
