<?xml version="1.0" encoding="UTF-8"?>
<testng-results ignored="0" total="4" passed="4" failed="0" skipped="0">
  <reporter-output>
  </reporter-output>
  <suite started-at="2025-03-31T13:07:08 EAT" name="PetSuite" finished-at="2025-03-31T13:07:26 EAT" duration-ms="18655">
    <groups>
    </groups>
    <test started-at="2025-03-31T13:07:08 EAT" name="PetTest" finished-at="2025-03-31T13:07:26 EAT" duration-ms="18655">
      <class name="api.tests.UserTests">
        <test-method is-config="true" signature="GenerateData()[pri:0, instance:api.tests.UserTests@1afd44cb]" started-at="2025-03-31T13:07:09 EAT" name="GenerateData" finished-at="2025-03-31T13:07:12 EAT" duration-ms="2937" status="PASS">
          <reporter-output>
          </reporter-output>
        </test-method> <!-- GenerateData -->
        <test-method signature="testCreateUser()[pri:1, instance:api.tests.UserTests@1afd44cb]" started-at="2025-03-31T13:07:12 EAT" name="testCreateUser" finished-at="2025-03-31T13:07:19 EAT" duration-ms="7262" status="PASS">
          <reporter-output>
          </reporter-output>
        </test-method> <!-- testCreateUser -->
      </class> <!-- api.tests.UserTests -->
      <class name="api.tests.DDTest">
        <test-method signature="testPostUser(java.lang.String,java.lang.String,java.lang.String,java.lang.String,java.lang.String,java.lang.String)[pri:1, instance:api.tests.DDTest@40ef3420]" started-at="2025-03-31T13:07:22 EAT" name="testPostUser" data-provider="Data" finished-at="2025-03-31T13:07:24 EAT" duration-ms="1298" status="PASS">
          <params>
            <param index="0">
              <value>
                <![CDATA[3743]]>
              </value>
            </param>
            <param index="1">
              <value>
                <![CDATA[Roy]]>
              </value>
            </param>
            <param index="2">
              <value>
                <![CDATA[we]]>
              </value>
            </param>
            <param index="3">
              <value>
                <![CDATA[eer]]>
              </value>
            </param>
            <param index="4">
              <value>
                <![CDATA[d123]]>
              </value>
            </param>
            <param index="5">
              <value>
                <![CDATA[12344]]>
              </value>
            </param>
          </params>
          <reporter-output>
          </reporter-output>
        </test-method> <!-- testPostUser -->
        <test-method signature="testPostUser(java.lang.String,java.lang.String,java.lang.String,java.lang.String,java.lang.String,java.lang.String)[pri:1, instance:api.tests.DDTest@40ef3420]" started-at="2025-03-31T13:07:24 EAT" name="testPostUser" data-provider="Data" finished-at="2025-03-31T13:07:25 EAT" duration-ms="1314" status="PASS">
          <params>
            <param index="0">
              <value>
                <![CDATA[370]]>
              </value>
            </param>
            <param index="1">
              <value>
                <![CDATA[jj]]>
              </value>
            </param>
            <param index="2">
              <value>
                <![CDATA[as]]>
              </value>
            </param>
            <param index="3">
              <value>
                <![CDATA[adad]]>
              </value>
            </param>
            <param index="4">
              <value>
                <![CDATA[w123]]>
              </value>
            </param>
            <param index="5">
              <value>
                <![CDATA[12434]]>
              </value>
            </param>
          </params>
          <reporter-output>
          </reporter-output>
        </test-method> <!-- testPostUser -->
        <test-method signature="testPostUser(java.lang.String,java.lang.String,java.lang.String,java.lang.String,java.lang.String,java.lang.String)[pri:1, instance:api.tests.DDTest@40ef3420]" started-at="2025-03-31T13:07:25 EAT" name="testPostUser" data-provider="Data" finished-at="2025-03-31T13:07:26 EAT" duration-ms="1275" status="PASS">
          <params>
            <param index="0">
              <value>
                <![CDATA[37]]>
              </value>
            </param>
            <param index="1">
              <value>
                <![CDATA[chr]]>
              </value>
            </param>
            <param index="2">
              <value>
                <![CDATA[cv]]>
              </value>
            </param>
            <param index="3">
              <value>
                <![CDATA[asa]]>
              </value>
            </param>
            <param index="4">
              <value>
                <![CDATA[r123]]>
              </value>
            </param>
            <param index="5">
              <value>
                <![CDATA[12345]]>
              </value>
            </param>
          </params>
          <reporter-output>
          </reporter-output>
        </test-method> <!-- testPostUser -->
      </class> <!-- api.tests.DDTest -->
    </test> <!-- PetTest -->
  </suite> <!-- PetSuite -->
</testng-results>
