<?xml version="1.0" encoding="UTF-8"?>
<testsuite xmlns:xsi="http://www.w3.org/2001/XMLSchema-instance" xsi:noNamespaceSchemaLocation="https://maven.apache.org/surefire/maven-surefire-plugin/xsd/surefire-test-report-3.0.xsd" version="3.0" name="TestSuite" time="21.15" tests="4" errors="0" skipped="0" failures="0">
  <properties>
[...]
</properties>
  <testcase name="testCreateUser" classname="api.tests.UserTests" time="7.298">
    <system-out><![CDATA[HTTP/1.1 200 OK
Date: Mon, 31 Mar 2025 10:07:20 GMT
Content-Type: application/json
Transfer-Encoding: chunked
Connection: keep-alive
Access-Control-Allow-Origin: *
Access-Control-Allow-Methods: GET, POST, DELETE, PUT
Access-Control-Allow-Headers: Content-Type, api_key, Authorization
Server: Jetty(9.2.9.v20150224)

{
    "code": 200,
    "type": "unknown",
    "message": "9"
}
]]></system-out>
    <system-err><![CDATA[SLF4J: Failed to load class "org.slf4j.impl.StaticLoggerBinder".
SLF4J: Defaulting to no-operation (NOP) logger implementation
SLF4J: See http://www.slf4j.org/codes.html#StaticLoggerBinder for further details.
]]></system-err>
  </testcase>
  <testcase name="testPostUser[3743, Roy, we, eer, d123, 12344](1)" classname="api.tests.DDTest" time="1.369">
    <system-out><![CDATA[Skipping empty row: 4
]]></system-out>
  </testcase>
  <testcase name="testPostUser[370, jj, as, adad, w123, 12434](2)" classname="api.tests.DDTest" time="1.295"/>
  <testcase name="testPostUser[37, chr, cv, asa, r123, 12345](3)" classname="api.tests.DDTest" time="1.265"/>
</testsuite>