<?xml version="1.0" encoding="UTF-8"?>
<testng-results ignored="0" total="3" passed="3" failed="0" skipped="0">
  <reporter-output>
  </reporter-output>
  <suite started-at="2025-03-27T15:58:03 EAT" name="Default suite" finished-at="2025-03-27T15:58:18 EAT" duration-ms="15747">
    <groups>
    </groups>
    <test started-at="2025-03-27T15:58:03 EAT" name="Default test" finished-at="2025-03-27T15:58:18 EAT" duration-ms="15747">
      <class name="api.tests.DDTest">
        <test-method signature="testPostUser(java.lang.String,java.lang.String,java.lang.String,java.lang.String,java.lang.String,java.lang.String)[pri:1, instance:api.tests.DDTest@18078bef]" started-at="2025-03-27T15:58:08 EAT" name="testPostUser" data-provider="Data" finished-at="2025-03-27T15:58:15 EAT" duration-ms="7443" status="PASS">
          <params>
            <param index="0">
              <value>
                <![CDATA[3743]]>
              </value>
            </param>
            <param index="1">
              <value>
                <![CDATA[Roy]]>
              </value>
            </param>
            <param index="2">
              <value>
                <![CDATA[we]]>
              </value>
            </param>
            <param index="3">
              <value>
                <![CDATA[eer]]>
              </value>
            </param>
            <param index="4">
              <value>
                <![CDATA[d123]]>
              </value>
            </param>
            <param index="5">
              <value>
                <![CDATA[12344]]>
              </value>
            </param>
          </params>
          <reporter-output>
          </reporter-output>
        </test-method> <!-- testPostUser -->
        <test-method signature="testPostUser(java.lang.String,java.lang.String,java.lang.String,java.lang.String,java.lang.String,java.lang.String)[pri:1, instance:api.tests.DDTest@18078bef]" started-at="2025-03-27T15:58:15 EAT" name="testPostUser" data-provider="Data" finished-at="2025-03-27T15:58:17 EAT" duration-ms="1468" status="PASS">
          <params>
            <param index="0">
              <value>
                <![CDATA[370]]>
              </value>
            </param>
            <param index="1">
              <value>
                <![CDATA[jj]]>
              </value>
            </param>
            <param index="2">
              <value>
                <![CDATA[as]]>
              </value>
            </param>
            <param index="3">
              <value>
                <![CDATA[adad]]>
              </value>
            </param>
            <param index="4">
              <value>
                <![CDATA[w123]]>
              </value>
            </param>
            <param index="5">
              <value>
                <![CDATA[12434]]>
              </value>
            </param>
          </params>
          <reporter-output>
          </reporter-output>
        </test-method> <!-- testPostUser -->
        <test-method signature="testPostUser(java.lang.String,java.lang.String,java.lang.String,java.lang.String,java.lang.String,java.lang.String)[pri:1, instance:api.tests.DDTest@18078bef]" started-at="2025-03-27T15:58:17 EAT" name="testPostUser" data-provider="Data" finished-at="2025-03-27T15:58:18 EAT" duration-ms="1435" status="PASS">
          <params>
            <param index="0">
              <value>
                <![CDATA[37]]>
              </value>
            </param>
            <param index="1">
              <value>
                <![CDATA[chr]]>
              </value>
            </param>
            <param index="2">
              <value>
                <![CDATA[cv]]>
              </value>
            </param>
            <param index="3">
              <value>
                <![CDATA[asa]]>
              </value>
            </param>
            <param index="4">
              <value>
                <![CDATA[r123]]>
              </value>
            </param>
            <param index="5">
              <value>
                <![CDATA[12345]]>
              </value>
            </param>
          </params>
          <reporter-output>
          </reporter-output>
        </test-method> <!-- testPostUser -->
      </class> <!-- api.tests.DDTest -->
    </test> <!-- Default test -->
  </suite> <!-- Default suite -->
</testng-results>
