<?xml version="1.0" encoding="UTF-8"?>
<!-- Generated by org.testng.reporters.JUnitXMLReporter -->
<testsuite ignored="0" hostname="DESKTOP-FK9O5I6" failures="0" tests="4" name="PetTest" time="18.655" errors="0" timestamp="2025-03-31T13:07:27 EAT">
  <testcase classname="api.tests.UserTests" name="testCreateUser" time="7.262"/>
  <testcase classname="api.tests.DDTest" name="testPostUser" time="1.298"/>
  <testcase classname="api.tests.DDTest" name="testPostUser" time="1.314"/>
  <testcase classname="api.tests.DDTest" name="testPostUser" time="1.275"/>
</testsuite> <!-- PetTest -->
