<?xml version="1.0" encoding="UTF-8"?>
<!-- Generated by org.testng.reporters.JUnitXMLReporter -->
<testsuite ignored="0" hostname="DESKTOP-FK9O5I6" failures="0" tests="4" name="PetTest" time="18.616" errors="0" timestamp="2025-03-28T16:33:58 EAT">
  <testcase classname="api.tests.UserTests" name="testCreateUser" time="7.563"/>
  <testcase classname="api.tests.DDTest" name="testPostUser" time="1.351"/>
  <testcase classname="api.tests.DDTest" name="testPostUser" time="1.3"/>
  <testcase classname="api.tests.DDTest" name="testPostUser" time="1.269"/>
</testsuite> <!-- PetTest -->
