<?xml version="1.0" encoding="UTF-8"?>
<!-- Generated by org.testng.reporters.JUnitXMLReporter -->
<testsuite ignored="0" hostname="DESKTOP-FK9O5I6" failures="0" tests="4" name="PetTest" time="20.889" errors="0" timestamp="2025-03-31T11:38:07 EAT">
  <testcase classname="api.tests.UserTests" name="testCreateUser" time="8.103"/>
  <testcase classname="api.tests.DDTest" name="testPostUser" time="1.533"/>
  <testcase classname="api.tests.DDTest" name="testPostUser" time="1.335"/>
  <testcase classname="api.tests.DDTest" name="testPostUser" time="1.314"/>
</testsuite> <!-- PetTest -->
